0 info it worked if it ends with ok
1 verbose cli [ '/usr/local/bin/node',
1 verbose cli   '/usr/local/bin/npm',
1 verbose cli   'install',
1 verbose cli   'jqueryui' ]
2 info using npm@2.14.12
3 info using node@v4.3.1
4 verbose install initial load of /Users/915128/projects/Digital_Curriculum/package.json
5 verbose installManyTop reading scoped package data from /Users/915128/projects/Digital_Curriculum/node_modules/browser-sync/package.json
6 verbose installManyTop reading scoped package data from /Users/915128/projects/Digital_Curriculum/node_modules/gulp/package.json
7 verbose installManyTop reading scoped package data from /Users/915128/projects/Digital_Curriculum/node_modules/gulp-autoprefixer/package.json
8 verbose installManyTop reading scoped package data from /Users/915128/projects/Digital_Curriculum/node_modules/gulp-concat/package.json
9 verbose installManyTop reading scoped package data from /Users/915128/projects/Digital_Curriculum/node_modules/gulp-sass/package.json
10 verbose installManyTop reading scoped package data from /Users/915128/projects/Digital_Curriculum/node_modules/gulp-sourcemaps/package.json
11 verbose installManyTop reading scoped package data from /Users/915128/projects/Digital_Curriculum/node_modules/gulp-sync/package.json
12 verbose readDependencies loading dependencies from /Users/915128/projects/Digital_Curriculum/package.json
13 silly cache add args [ 'jqueryui', null ]
14 verbose cache add spec jqueryui
15 silly cache add parsed spec Result {
15 silly cache add   raw: 'jqueryui',
15 silly cache add   scope: null,
15 silly cache add   name: 'jqueryui',
15 silly cache add   rawSpec: '',
15 silly cache add   spec: 'latest',
15 silly cache add   type: 'tag' }
16 silly addNamed jqueryui@latest
17 verbose addNamed "latest" is being treated as a dist-tag for jqueryui
18 info addNameTag [ 'jqueryui', 'latest' ]
19 silly mapToRegistry name jqueryui
20 silly mapToRegistry using default registry
21 silly mapToRegistry registry https://registry.npmjs.org/
22 silly mapToRegistry uri https://registry.npmjs.org/jqueryui
23 verbose addNameTag registry:https://registry.npmjs.org/jqueryui not in flight; fetching
24 verbose request uri https://registry.npmjs.org/jqueryui
25 verbose request no auth needed
26 info attempt registry request try #1 at 10:15:36 AM
27 verbose request id 26ecd1621bb51748
28 http request GET https://registry.npmjs.org/jqueryui
29 info retry will retry, error on last attempt: Error: tunneling socket could not be established, cause=getaddrinfo ENOTFOUND uk-proxies.pwcinternal.com uk-proxies.pwcinternal.com:80
30 info attempt registry request try #2 at 10:15:47 AM
31 http request GET https://registry.npmjs.org/jqueryui
32 info retry will retry, error on last attempt: Error: tunneling socket could not be established, cause=getaddrinfo ENOTFOUND uk-proxies.pwcinternal.com uk-proxies.pwcinternal.com:80
33 info attempt registry request try #3 at 10:16:47 AM
34 http request GET https://registry.npmjs.org/jqueryui
35 verbose stack Error: tunneling socket could not be established, cause=getaddrinfo ENOTFOUND uk-proxies.pwcinternal.com uk-proxies.pwcinternal.com:80
35 verbose stack     at ClientRequest.onError (/usr/local/lib/node_modules/npm/node_modules/request/node_modules/tunnel-agent/index.js:174:17)
35 verbose stack     at ClientRequest.g (events.js:260:16)
35 verbose stack     at emitOne (events.js:77:13)
35 verbose stack     at ClientRequest.emit (events.js:169:7)
35 verbose stack     at Socket.socketErrorListener (_http_client.js:256:9)
35 verbose stack     at emitOne (events.js:77:13)
35 verbose stack     at Socket.emit (events.js:169:7)
35 verbose stack     at connectErrorNT (net.js:997:8)
35 verbose stack     at nextTickCallbackWith2Args (node.js:437:9)
35 verbose stack     at process._tickCallback (node.js:351:17)
36 verbose cwd /Users/915128/projects/Digital_Curriculum
37 error Darwin 15.0.0
38 error argv "/usr/local/bin/node" "/usr/local/bin/npm" "install" "jqueryui"
39 error node v4.3.1
40 error npm  v2.14.12
41 error code ECONNRESET
42 error network tunneling socket could not be established, cause=getaddrinfo ENOTFOUND uk-proxies.pwcinternal.com uk-proxies.pwcinternal.com:80
42 error network This is most likely not a problem with npm itself
42 error network and is related to network connectivity.
42 error network In most cases you are behind a proxy or have bad network settings.
42 error network
42 error network If you are behind a proxy, please make sure that the
42 error network 'proxy' config is set properly.  See: 'npm help config'
43 verbose exit [ 1, true ]
